<?xml version="1.0" encoding="UTF-8"?>
<!-- Generated by org.testng.reporters.JUnitXMLReporter -->
<testsuite hostname="DESKTOP-C5HHGRT" ignored="0" name="Default test" tests="6" failures="0" timestamp="2020-03-17T12:06:17 EDT" time="126.676" errors="0">
  <testcase name="titlecheck" time="2.06" classname="technoTutorsQaTests.ContactUsTest"/>
  <testcase name="logo" time="0.124" classname="technoTutorsQaTests.ContactUsTest"/>
  <testcase name="adress" time="0.104" classname="technoTutorsQaTests.ContactUsTest"/>
  <testcase name="technotext" time="0.097" classname="technoTutorsQaTests.ContactUsTest"/>
  <testcase name="emailtext" time="0.087" classname="technoTutorsQaTests.ContactUsTest"/>
  <testcase name="phonetext" time="0.261" classname="technoTutorsQaTests.ContactUsTest"/>
</testsuite> <!-- Default test -->
