<?xml version="1.0" encoding="UTF-8"?>
<!-- Generated by org.testng.reporters.JUnitXMLReporter -->
<testsuite hostname="DESKTOP-C5HHGRT" ignored="0" name="Default test" tests="10" failures="0" timestamp="2020-03-05T12:06:29 EST" time="207.047" errors="0">
  <testcase name="titletest" time="0.239" classname="technoTutorsQaTests.HomePageTest"/>
  <testcase name="AboutusTest" time="18.986" classname="technoTutorsQaTests.HomePageTest"/>
  <testcase name="Subjects" time="15.743" classname="technoTutorsQaTests.HomePageTest"/>
  <testcase name="moremaths" time="1.965" classname="technoTutorsQaTests.HomePageTest"/>
  <testcase name="moreenglish" time="2.156" classname="technoTutorsQaTests.HomePageTest"/>
  <testcase name="morefrench" time="1.834" classname="technoTutorsQaTests.HomePageTest"/>
  <testcase name="tutor" time="1.308" classname="technoTutorsQaTests.HomePageTest"/>
  <testcase name="tutor" time="1.546" classname="technoTutorsQaTests.HomePageTest"/>
  <testcase name="tutor" time="0.982" classname="technoTutorsQaTests.HomePageTest"/>
  <testcase name="tutor" time="0.858" classname="technoTutorsQaTests.HomePageTest"/>
</testsuite> <!-- Default test -->
