<?xml version="1.0" encoding="UTF-8"?>
<!-- Generated by org.testng.reporters.JUnitXMLReporter -->
<testsuite hostname="DESKTOP-C5HHGRT" ignored="0" name="Test" tests="39" failures="0" timestamp="2020-03-19T23:04:29 EDT" time="945.021" errors="0">
  <testcase name="titlecheck" time="3.181" classname="technoTutorsQaTests.AboutUsTest"/>
  <testcase name="contactus" time="1.171" classname="technoTutorsQaTests.AboutUsTest"/>
  <testcase name="contactus" time="1.026" classname="technoTutorsQaTests.AboutUsTest"/>
  <testcase name="contactus" time="0.965" classname="technoTutorsQaTests.AboutUsTest"/>
  <testcase name="contactus" time="1.023" classname="technoTutorsQaTests.AboutUsTest"/>
  <testcase name="titlecheck" time="1.54" classname="technoTutorsQaTests.FacilityTestClass"/>
  <testcase name="contactus" time="1.024" classname="technoTutorsQaTests.FacilityTestClass"/>
  <testcase name="contactus" time="1.073" classname="technoTutorsQaTests.FacilityTestClass"/>
  <testcase name="contactus" time="1.226" classname="technoTutorsQaTests.FacilityTestClass"/>
  <testcase name="contactus" time="1.134" classname="technoTutorsQaTests.FacilityTestClass"/>
  <testcase name="logotest" time="0.161" classname="technoTutorsQaTests.HomePageTest"/>
  <testcase name="titletest" time="0.04" classname="technoTutorsQaTests.HomePageTest"/>
  <testcase name="AboutusTest" time="19.98" classname="technoTutorsQaTests.HomePageTest"/>
  <testcase name="Subjects" time="4.485" classname="technoTutorsQaTests.HomePageTest"/>
  <testcase name="moremaths" time="2.785" classname="technoTutorsQaTests.HomePageTest"/>
  <testcase name="moreenglish" time="2.191" classname="technoTutorsQaTests.HomePageTest"/>
  <testcase name="morefrench" time="2.305" classname="technoTutorsQaTests.HomePageTest"/>
  <testcase name="tutor" time="0.812" classname="technoTutorsQaTests.HomePageTest"/>
  <testcase name="tutor" time="0.929" classname="technoTutorsQaTests.HomePageTest"/>
  <testcase name="tutor" time="0.829" classname="technoTutorsQaTests.HomePageTest"/>
  <testcase name="tutor" time="0.826" classname="technoTutorsQaTests.HomePageTest"/>
  <testcase name="titlecheck" time="1.561" classname="technoTutorsQaTests.SubjectAreaTest"/>
  <testcase name="Logocheck" time="0.084" classname="technoTutorsQaTests.SubjectAreaTest"/>
  <testcase name="bookamathtutorlearner" time="4.578" classname="technoTutorsQaTests.SubjectAreaTest"/>
  <testcase name="bookamathtutoracadamic" time="5.069" classname="technoTutorsQaTests.SubjectAreaTest"/>
  <testcase name="learnerandacadamicmath" time="7.804" classname="technoTutorsQaTests.SubjectAreaTest"/>
  <testcase name="bookenglishtutorlearner" time="5.75" classname="technoTutorsQaTests.SubjectAreaTest"/>
  <testcase name="bookenglishtutoracadamic" time="4.46" classname="technoTutorsQaTests.SubjectAreaTest"/>
  <testcase name="learnerandacadamicenglish" time="7.65" classname="technoTutorsQaTests.SubjectAreaTest"/>
  <testcase name="bookfrenchtutorlearner" time="4.558" classname="technoTutorsQaTests.SubjectAreaTest"/>
  <testcase name="bookefrenchtutoracadamic" time="4.22" classname="technoTutorsQaTests.SubjectAreaTest"/>
  <testcase name="learnerandacadamicfrench" time="7.62" classname="technoTutorsQaTests.SubjectAreaTest"/>
  <testcase name="cotactUS" time="4.285" classname="technoTutorsQaTests.SubjectAreaTest"/>
  <testcase name="titlecheck" time="2.202" classname="technoTutorsQaTests.ContactUsTest"/>
  <testcase name="logo" time="0.086" classname="technoTutorsQaTests.ContactUsTest"/>
  <testcase name="adress" time="0.079" classname="technoTutorsQaTests.ContactUsTest"/>
  <testcase name="technotext" time="0.097" classname="technoTutorsQaTests.ContactUsTest"/>
  <testcase name="emailtext" time="0.102" classname="technoTutorsQaTests.ContactUsTest"/>
  <testcase name="phonetext" time="0.106" classname="technoTutorsQaTests.ContactUsTest"/>
</testsuite> <!-- Test -->
