<?xml version="1.0" encoding="UTF-8"?>
<testng-results skipped="0" failed="0" ignored="0" total="2" passed="2">
  <reporter-output>
  </reporter-output>
  <suite name="Default suite" duration-ms="55055" started-at="2020-03-16T16:25:37 EDT" finished-at="2020-03-16T16:26:32 EDT">
    <groups>
    </groups>
    <test name="Default test" duration-ms="55055" started-at="2020-03-16T16:25:37 EDT" finished-at="2020-03-16T16:26:32 EDT">
      <class name="technoTutorsQaTests.ContactUsTest">
        <test-method status="PASS" signature="setup()[pri:0, instance:technoTutorsQaTests.ContactUsTest@7d70d1b1]" name="setup" is-config="true" duration-ms="26680" started-at="2020-03-16T16:25:37 EDT" finished-at="2020-03-16T16:26:04 EDT">
          <reporter-output>
          </reporter-output>
        </test-method> <!-- setup -->
        <test-method status="PASS" signature="titlecheck()[pri:49, instance:technoTutorsQaTests.ContactUsTest@7d70d1b1]" name="titlecheck" duration-ms="3852" started-at="2020-03-16T16:26:04 EDT" finished-at="2020-03-16T16:26:08 EDT">
          <reporter-output>
          </reporter-output>
        </test-method> <!-- titlecheck -->
        <test-method status="PASS" signature="teardown()[pri:0, instance:technoTutorsQaTests.ContactUsTest@7d70d1b1]" name="teardown" is-config="true" duration-ms="1681" started-at="2020-03-16T16:26:08 EDT" finished-at="2020-03-16T16:26:10 EDT">
          <reporter-output>
          </reporter-output>
        </test-method> <!-- teardown -->
        <test-method status="PASS" signature="setup()[pri:0, instance:technoTutorsQaTests.ContactUsTest@7d70d1b1]" name="setup" is-config="true" duration-ms="21788" started-at="2020-03-16T16:26:10 EDT" finished-at="2020-03-16T16:26:31 EDT">
          <reporter-output>
          </reporter-output>
        </test-method> <!-- setup -->
        <test-method status="PASS" signature="textcheck()[pri:50, instance:technoTutorsQaTests.ContactUsTest@7d70d1b1]" name="textcheck" duration-ms="193" started-at="2020-03-16T16:26:31 EDT" finished-at="2020-03-16T16:26:32 EDT">
          <reporter-output>
          </reporter-output>
        </test-method> <!-- textcheck -->
        <test-method status="PASS" signature="teardown()[pri:0, instance:technoTutorsQaTests.ContactUsTest@7d70d1b1]" name="teardown" is-config="true" duration-ms="783" started-at="2020-03-16T16:26:32 EDT" finished-at="2020-03-16T16:26:32 EDT">
          <reporter-output>
          </reporter-output>
        </test-method> <!-- teardown -->
      </class> <!-- technoTutorsQaTests.ContactUsTest -->
    </test> <!-- Default test -->
  </suite> <!-- Default suite -->
</testng-results>
